<?xml version="1.0" encoding="UTF-8"?>
<!-- Generated by org.testng.reporters.JUnitXMLReporter -->
<testsuite hostname="ADMIN" ignored="0" name="Default test" tests="3" failures="0" timestamp="27 Apr 2019 16:07:52 GMT" time="53.799" errors="0">
  <testcase name="testInValidLogin" time="14.255" classname="script.InValidLogin"/>
  <testcase name="testValidLogin" time="4.679" classname="script.ValidLogin"/>
  <testcase name="testIssueDate" time="8.887" classname="script.CheckIssueDate"/>
</testsuite> <!-- Default test -->
