<?xml version="1.0" encoding="UTF-8"?>
<!-- Generated by org.testng.reporters.JUnitXMLReporter -->
<testsuite hostname="ADMIN" ignored="0" name="Test" tests="3" failures="0" timestamp="05 Mar 2019 13:51:54 GMT" time="132.442" errors="0">
  <testcase name="testInValidLogin" time="13.592" classname="script.InValidLogin"/>
  <testcase name="testValidLogin" time="3.161" classname="script.ValidLogin"/>
  <testcase name="testIssueDate" time="8.712" classname="script.CheckIssueDate"/>
</testsuite> <!-- Test -->
