<?xml version="1.0" encoding="UTF-8"?>
<testng-results skipped="0" failed="0" ignored="0" total="1" passed="1">
  <reporter-output>
    <line>
      <![CDATA[Home Page Is displayed]]>
    </line>
    <line>
      <![CDATA[TesttestValidLoginis PASS]]>
    </line>
  </reporter-output>
  <suite name="Default suite" duration-ms="41201" started-at="2019-03-04T15:26:35Z" finished-at="2019-03-04T15:27:16Z">
    <groups>
    </groups>
    <test name="Default test" duration-ms="41201" started-at="2019-03-04T15:26:35Z" finished-at="2019-03-04T15:27:16Z">
      <class name="script.ValidLogin">
        <test-method status="PASS" signature="openApp()[pri:0, instance:script.ValidLogin@29774679]" name="openApp" is-config="true" duration-ms="35173" started-at="2019-03-04T15:26:35Z" finished-at="2019-03-04T15:27:10Z">
          <reporter-output>
          </reporter-output>
        </test-method> <!-- openApp -->
        <test-method status="PASS" signature="testValidLogin()[pri:1, instance:script.ValidLogin@29774679]" name="testValidLogin" duration-ms="5249" started-at="2019-03-04T15:27:10Z" finished-at="2019-03-04T15:27:15Z">
          <reporter-output>
            <line>
              <![CDATA[Home Page Is displayed]]>
            </line>
          </reporter-output>
        </test-method> <!-- testValidLogin -->
        <test-method status="PASS" signature="closeApp(org.testng.ITestResult)[pri:0, instance:script.ValidLogin@29774679]" name="closeApp" is-config="true" duration-ms="709" started-at="2019-03-04T15:27:15Z" finished-at="2019-03-04T15:27:16Z">
          <params>
            <param index="0">
              <value>
                <![CDATA[[TestResult name=testValidLogin status=SUCCESS method=ValidLogin.testValidLogin()[pri:1, instance:script.ValidLogin@29774679] output=Home Page Is displayed]]]>
              </value>
            </param>
          </params>
          <reporter-output>
            <line>
              <![CDATA[TesttestValidLoginis PASS]]>
            </line>
          </reporter-output>
        </test-method> <!-- closeApp -->
      </class> <!-- script.ValidLogin -->
    </test> <!-- Default test -->
  </suite> <!-- Default suite -->
</testng-results>
