<?xml version="1.0" encoding="UTF-8"?>
<testng-results skipped="0" failed="0" ignored="0" total="3" passed="3">
  <reporter-output>
    <line>
      <![CDATA[RowCount4]]>
    </line>
    <line>
      <![CDATA[UN:abcd]]>
    </line>
    <line>
      <![CDATA[PW:xyz]]>
    </line>
    <line>
      <![CDATA[UN:admin]]>
    </line>
    <line>
      <![CDATA[PW:damager]]>
    </line>
    <line>
      <![CDATA[UN:admin]]>
    </line>
    <line>
      <![CDATA[PW:]]>
    </line>
    <line>
      <![CDATA[UN:xyz]]>
    </line>
    <line>
      <![CDATA[PW:manager]]>
    </line>
    <line>
      <![CDATA[Test testInValidLogin is PASS]]>
    </line>
    <line>
      <![CDATA[Home Page Is displayed]]>
    </line>
    <line>
      <![CDATA[Test testValidLogin is PASS]]>
    </line>
    <line>
      <![CDATA[Test testIssueDate is PASS]]>
    </line>
  </reporter-output>
  <suite name="Default suite" duration-ms="77674" started-at="2019-04-14T16:34:37Z" finished-at="2019-04-14T16:35:55Z">
    <groups>
    </groups>
    <test name="Default test" duration-ms="77674" started-at="2019-04-14T16:34:37Z" finished-at="2019-04-14T16:35:55Z">
      <class name="script.CheckIssueDate">
        <test-method status="PASS" signature="openApp()[pri:0, instance:script.CheckIssueDate@5e82df6a]" name="openApp" is-config="true" duration-ms="7492" started-at="2019-04-14T16:35:38Z" finished-at="2019-04-14T16:35:46Z">
          <reporter-output>
          </reporter-output>
        </test-method> <!-- openApp -->
        <test-method status="PASS" signature="testIssueDate()[pri:3, instance:script.CheckIssueDate@5e82df6a]" name="testIssueDate" duration-ms="9004" started-at="2019-04-14T16:35:46Z" finished-at="2019-04-14T16:35:55Z">
          <reporter-output>
          </reporter-output>
        </test-method> <!-- testIssueDate -->
        <test-method status="PASS" signature="closeApp(org.testng.ITestResult)[pri:0, instance:script.CheckIssueDate@5e82df6a]" name="closeApp" is-config="true" duration-ms="521" started-at="2019-04-14T16:35:55Z" finished-at="2019-04-14T16:35:55Z">
          <params>
            <param index="0">
              <value>
                <![CDATA[[TestResult name=testIssueDate status=SUCCESS method=CheckIssueDate.testIssueDate()[pri:3, instance:script.CheckIssueDate@5e82df6a] output={null}]]]>
              </value>
            </param>
          </params>
          <reporter-output>
            <line>
              <![CDATA[Test testIssueDate is PASS]]>
            </line>
          </reporter-output>
        </test-method> <!-- closeApp -->
      </class> <!-- script.CheckIssueDate -->
      <class name="script.InValidLogin">
        <test-method status="PASS" signature="openApp()[pri:0, instance:script.InValidLogin@3f197a46]" name="openApp" is-config="true" duration-ms="28433" started-at="2019-04-14T16:34:37Z" finished-at="2019-04-14T16:35:06Z">
          <reporter-output>
          </reporter-output>
        </test-method> <!-- openApp -->
        <test-method status="PASS" signature="testInValidLogin()[pri:1, instance:script.InValidLogin@3f197a46]" name="testInValidLogin" duration-ms="16661" started-at="2019-04-14T16:35:06Z" finished-at="2019-04-14T16:35:23Z">
          <reporter-output>
            <line>
              <![CDATA[RowCount4]]>
            </line>
            <line>
              <![CDATA[UN:abcd]]>
            </line>
            <line>
              <![CDATA[PW:xyz]]>
            </line>
            <line>
              <![CDATA[UN:admin]]>
            </line>
            <line>
              <![CDATA[PW:damager]]>
            </line>
            <line>
              <![CDATA[UN:admin]]>
            </line>
            <line>
              <![CDATA[PW:]]>
            </line>
            <line>
              <![CDATA[UN:xyz]]>
            </line>
            <line>
              <![CDATA[PW:manager]]>
            </line>
          </reporter-output>
        </test-method> <!-- testInValidLogin -->
        <test-method status="PASS" signature="closeApp(org.testng.ITestResult)[pri:0, instance:script.InValidLogin@3f197a46]" name="closeApp" is-config="true" duration-ms="284" started-at="2019-04-14T16:35:23Z" finished-at="2019-04-14T16:35:23Z">
          <params>
            <param index="0">
              <value>
                <![CDATA[[TestResult name=testInValidLogin status=SUCCESS method=InValidLogin.testInValidLogin()[pri:1, instance:script.InValidLogin@3f197a46] output=RowCount4]]]>
              </value>
            </param>
          </params>
          <reporter-output>
            <line>
              <![CDATA[Test testInValidLogin is PASS]]>
            </line>
          </reporter-output>
        </test-method> <!-- closeApp -->
      </class> <!-- script.InValidLogin -->
      <class name="script.ValidLogin">
        <test-method status="PASS" signature="openApp()[pri:0, instance:script.ValidLogin@636be97c]" name="openApp" is-config="true" duration-ms="7772" started-at="2019-04-14T16:35:23Z" finished-at="2019-04-14T16:35:31Z">
          <reporter-output>
          </reporter-output>
        </test-method> <!-- openApp -->
        <test-method status="PASS" signature="testValidLogin()[pri:1, instance:script.ValidLogin@636be97c]" name="testValidLogin" duration-ms="5289" started-at="2019-04-14T16:35:31Z" finished-at="2019-04-14T16:35:36Z">
          <reporter-output>
            <line>
              <![CDATA[Home Page Is displayed]]>
            </line>
          </reporter-output>
        </test-method> <!-- testValidLogin -->
        <test-method status="PASS" signature="closeApp(org.testng.ITestResult)[pri:0, instance:script.ValidLogin@636be97c]" name="closeApp" is-config="true" duration-ms="2123" started-at="2019-04-14T16:35:36Z" finished-at="2019-04-14T16:35:38Z">
          <params>
            <param index="0">
              <value>
                <![CDATA[[TestResult name=testValidLogin status=SUCCESS method=ValidLogin.testValidLogin()[pri:1, instance:script.ValidLogin@636be97c] output=Home Page Is displayed]]]>
              </value>
            </param>
          </params>
          <reporter-output>
            <line>
              <![CDATA[Test testValidLogin is PASS]]>
            </line>
          </reporter-output>
        </test-method> <!-- closeApp -->
      </class> <!-- script.ValidLogin -->
    </test> <!-- Default test -->
  </suite> <!-- Default suite -->
</testng-results>
